0 verbose cli C:\Program Files\nodejs\node.exe C:\Users\lucia\AppData\Roaming\npm\node_modules\npm\bin\npm-cli.js
1 info using npm@11.11.1
2 info using node@v22.14.0
3 silly config load:file:C:\Users\lucia\AppData\Roaming\npm\node_modules\npm\npmrc
4 silly config load:file:C:\xampp\htdocs\massacriativa\projetos\infancia-sem-tela-app\.npmrc
5 silly config load:file:C:\Users\lucia\.npmrc
6 silly config load:file:C:\Users\lucia\AppData\Roaming\npm\etc\npmrc
7 verbose title npm exec vercel whoami
8 verbose argv "exec" "--cache" ".\\.npm-cache" "--" "vercel" "whoami"
9 verbose logfile logs-max:10 dir:C:\xampp\htdocs\massacriativa\projetos\infancia-sem-tela-app\.npm-cache\_logs\2026-05-18T14_36_46_616Z-
10 verbose logfile C:\xampp\htdocs\massacriativa\projetos\infancia-sem-tela-app\.npm-cache\_logs\2026-05-18T14_36_46_616Z-debug-0.log
11 silly logfile done cleaning log files
12 silly packumentCache heap:4345298944 maxSize:1086324736 maxEntrySize:543162368
13 http fetch GET 200 https://registry.npmjs.org/vercel 402ms (cache revalidated)
14 silly packumentCache heap:4345298944 maxSize:1086324736 maxEntrySize:543162368
15 silly packumentCache heap:4345298944 maxSize:1086324736 maxEntrySize:543162368
16 verbose cwd C:\xampp\htdocs\massacriativa\projetos\infancia-sem-tela-app
17 verbose os Windows_NT 10.0.26200
18 verbose node v22.14.0
19 verbose npm  v11.11.1
20 verbose exit 1
21 verbose code 1
